DAY 01
PART 1: 1014624
PART 2: 80072256
330.5µs

DAY 02
PART 1: 560
PART 2: 303
825.8µs

DAY 03
PART 1: 237
PART 2: 2106818610
306.1µs

DAY 04
PART 1: 254
PART 2: 184
10.5199ms

DAY 05
PART 1: 913
PART 2: 717
459.1µs

DAY 06
PART 1: 6742
PART 2: 3447
3.0653ms

DAY 07
PART 1: 372
PART 2: 8015
34.4406ms

DAY 08
PART 1: 1818
PART 2: 631
2.4959ms

DAY [9]
PART 1: 138879426
PART 2: 23761694
255.3µs

DAY 10
PART 1: 2070
PART 2: 24179327893504
81.9µs

DAY 11
PART 1: 2243
PART 2: 2027
50.4797ms

DAY 12
PART 1: 2458
PART 2: 145117
163.2µs

DAY 13
PART 1: 259
PART 2: 210612924879242
88.2µs

DAY 14
PART 1: 7997531787333
PART 2: 3564822193820
13.6868ms

DAY 15
PART 1: 1015
PART 2: 201
1.0510762s

DAY 16
PART 1: 19070
PART 2: 161926544831
2.9362ms

DAY 17
PART 1: 298
PART 2: 1792
718.2615ms

DAY 18
PART 1: 30753705453324
PART 2: 244817530095503
646.4µs

DAY 19
PART 1: 235
PART 2: 379
8.2915ms

DAY 20
PART 1: 23497974998093
PART 2: 2256
94.2606ms

DAY 21
PART 1: 2282
PART 2: vrzkz,zjsh,hphcb,mbdksj,vzzxl,ctmzsr,rkzqs,zmhnj
1.0948ms

DAY 22
PART 1: 32856
PART 2: 33805
1.7858446s

DAY 23
PART 1: 65432978
PART 2: 287230227046
896.1787ms

DAY 24
PART 1: 394
PART 2: 4036
235.9652ms

DAY 25
PART 1: 17980581
25.4338ms

